d:\dropbox\syracuse\ood\workspace\pr4s15\remotecodemanagement\debug\channel.lib
d:\dropbox\syracuse\ood\workspace\pr4s15\remotecodemanagement\debug\channel.exp
d:\dropbox\syracuse\ood\workspace\pr4s15\remotecodemanagement\channel\debug\vc120.pdb
d:\dropbox\syracuse\ood\workspace\pr4s15\remotecodemanagement\channel\debug\vc120.idb
d:\dropbox\syracuse\ood\workspace\pr4s15\remotecodemanagement\channel\debug\apphelpers.obj
d:\dropbox\syracuse\ood\workspace\pr4s15\remotecodemanagement\channel\debug\searchtext.obj
d:\dropbox\syracuse\ood\workspace\pr4s15\remotecodemanagement\channel\debug\client1.obj
d:\dropbox\syracuse\ood\workspace\pr4s15\remotecodemanagement\channel\debug\datastore.obj
d:\dropbox\syracuse\ood\workspace\pr4s15\remotecodemanagement\channel\debug\filemanager.obj
d:\dropbox\syracuse\ood\workspace\pr4s15\remotecodemanagement\channel\debug\filesystem.obj
d:\dropbox\syracuse\ood\workspace\pr4s15\remotecodemanagement\channel\debug\httpmessage.obj
d:\dropbox\syracuse\ood\workspace\pr4s15\remotecodemanagement\channel\debug\receiver.obj
d:\dropbox\syracuse\ood\workspace\pr4s15\remotecodemanagement\channel\debug\sender.obj
d:\dropbox\syracuse\ood\workspace\pr4s15\remotecodemanagement\channel\debug\sockets.obj
d:\dropbox\syracuse\ood\workspace\pr4s15\remotecodemanagement\channel\debug\channel.obj
d:\dropbox\syracuse\ood\workspace\pr4s15\remotecodemanagement\debug\channel.ilk
d:\dropbox\syracuse\ood\workspace\pr4s15\remotecodemanagement\debug\channel.exe
d:\dropbox\syracuse\ood\workspace\pr4s15\remotecodemanagement\debug\channel.pdb
d:\dropbox\syracuse\ood\workspace\pr4s15\remotecodemanagement\channel\debug\channel.tlog\channel.write.1u.tlog
d:\dropbox\syracuse\ood\workspace\pr4s15\remotecodemanagement\channel\debug\channel.tlog\cl.command.1.tlog
d:\dropbox\syracuse\ood\workspace\pr4s15\remotecodemanagement\channel\debug\channel.tlog\cl.read.1.tlog
d:\dropbox\syracuse\ood\workspace\pr4s15\remotecodemanagement\channel\debug\channel.tlog\cl.write.1.tlog
d:\dropbox\syracuse\ood\workspace\pr4s15\remotecodemanagement\channel\debug\channel.tlog\link.command.1.tlog
d:\dropbox\syracuse\ood\workspace\pr4s15\remotecodemanagement\channel\debug\channel.tlog\link.read.1.tlog
d:\dropbox\syracuse\ood\workspace\pr4s15\remotecodemanagement\channel\debug\channel.tlog\link.write.1.tlog
