d:\dropbox\syracuse\ood\workspace\pr4s15\remotecodemanagement\debug\filemanager.bsc
d:\dropbox\syracuse\ood\workspace\pr4s15\remotecodemanagement\filemanager\debug\vc120.pdb
d:\dropbox\syracuse\ood\workspace\pr4s15\remotecodemanagement\filemanager\debug\vc120.idb
d:\dropbox\syracuse\ood\workspace\pr4s15\remotecodemanagement\filemanager\debug\filemanager.sbr
d:\dropbox\syracuse\ood\workspace\pr4s15\remotecodemanagement\filemanager\debug\filesystem.sbr
d:\dropbox\syracuse\ood\workspace\pr4s15\remotecodemanagement\filemanager\debug\datastore.sbr
d:\dropbox\syracuse\ood\workspace\pr4s15\remotecodemanagement\filemanager\debug\datastore.obj
d:\dropbox\syracuse\ood\workspace\pr4s15\remotecodemanagement\filemanager\debug\filesystem.obj
d:\dropbox\syracuse\ood\workspace\pr4s15\remotecodemanagement\filemanager\debug\filemanager.obj
d:\dropbox\syracuse\ood\workspace\pr4s15\remotecodemanagement\debug\filemanager.ilk
d:\dropbox\syracuse\ood\workspace\pr4s15\remotecodemanagement\debug\filemanager.exe
d:\dropbox\syracuse\ood\workspace\pr4s15\remotecodemanagement\debug\filemanager.pdb
d:\dropbox\syracuse\ood\workspace\pr4s15\remotecodemanagement\filemanager\debug\filemanager.tlog\bscmake.command.1.tlog
d:\dropbox\syracuse\ood\workspace\pr4s15\remotecodemanagement\filemanager\debug\filemanager.tlog\bscmake.read.1.tlog
d:\dropbox\syracuse\ood\workspace\pr4s15\remotecodemanagement\filemanager\debug\filemanager.tlog\bscmake.write.1.tlog
d:\dropbox\syracuse\ood\workspace\pr4s15\remotecodemanagement\filemanager\debug\filemanager.tlog\cl.command.1.tlog
d:\dropbox\syracuse\ood\workspace\pr4s15\remotecodemanagement\filemanager\debug\filemanager.tlog\cl.read.1.tlog
d:\dropbox\syracuse\ood\workspace\pr4s15\remotecodemanagement\filemanager\debug\filemanager.tlog\cl.write.1.tlog
d:\dropbox\syracuse\ood\workspace\pr4s15\remotecodemanagement\filemanager\debug\filemanager.tlog\link.command.1.tlog
d:\dropbox\syracuse\ood\workspace\pr4s15\remotecodemanagement\filemanager\debug\filemanager.tlog\link.read.1.tlog
d:\dropbox\syracuse\ood\workspace\pr4s15\remotecodemanagement\filemanager\debug\filemanager.tlog\link.write.1.tlog
