d:\dropbox\syracuse\ood\workspace\pr4s15\remotecodemanagement\debug\cataloguetextsearch.bsc
d:\dropbox\syracuse\ood\workspace\pr4s15\remotecodemanagement\cataloguetextsearch\debug\vc120.pdb
d:\dropbox\syracuse\ood\workspace\pr4s15\remotecodemanagement\cataloguetextsearch\debug\vc120.idb
d:\dropbox\syracuse\ood\workspace\pr4s15\remotecodemanagement\cataloguetextsearch\debug\searchtext.sbr
d:\dropbox\syracuse\ood\workspace\pr4s15\remotecodemanagement\cataloguetextsearch\debug\filesystem.sbr
d:\dropbox\syracuse\ood\workspace\pr4s15\remotecodemanagement\cataloguetextsearch\debug\filemanager.sbr
d:\dropbox\syracuse\ood\workspace\pr4s15\remotecodemanagement\cataloguetextsearch\debug\datastore.sbr
d:\dropbox\syracuse\ood\workspace\pr4s15\remotecodemanagement\cataloguetextsearch\debug\datastore.obj
d:\dropbox\syracuse\ood\workspace\pr4s15\remotecodemanagement\cataloguetextsearch\debug\filemanager.obj
d:\dropbox\syracuse\ood\workspace\pr4s15\remotecodemanagement\cataloguetextsearch\debug\filesystem.obj
d:\dropbox\syracuse\ood\workspace\pr4s15\remotecodemanagement\cataloguetextsearch\debug\searchtext.obj
d:\dropbox\syracuse\ood\workspace\pr4s15\remotecodemanagement\debug\cataloguetextsearch.ilk
d:\dropbox\syracuse\ood\workspace\pr4s15\remotecodemanagement\debug\cataloguetextsearch.exe
d:\dropbox\syracuse\ood\workspace\pr4s15\remotecodemanagement\debug\cataloguetextsearch.pdb
d:\dropbox\syracuse\ood\workspace\pr4s15\remotecodemanagement\cataloguetextsearch\debug\catalogu.e0436e12.tlog\bscmake.command.1.tlog
d:\dropbox\syracuse\ood\workspace\pr4s15\remotecodemanagement\cataloguetextsearch\debug\catalogu.e0436e12.tlog\bscmake.read.1.tlog
d:\dropbox\syracuse\ood\workspace\pr4s15\remotecodemanagement\cataloguetextsearch\debug\catalogu.e0436e12.tlog\bscmake.write.1.tlog
d:\dropbox\syracuse\ood\workspace\pr4s15\remotecodemanagement\cataloguetextsearch\debug\catalogu.e0436e12.tlog\cl.command.1.tlog
d:\dropbox\syracuse\ood\workspace\pr4s15\remotecodemanagement\cataloguetextsearch\debug\catalogu.e0436e12.tlog\cl.read.1.tlog
d:\dropbox\syracuse\ood\workspace\pr4s15\remotecodemanagement\cataloguetextsearch\debug\catalogu.e0436e12.tlog\cl.write.1.tlog
d:\dropbox\syracuse\ood\workspace\pr4s15\remotecodemanagement\cataloguetextsearch\debug\catalogu.e0436e12.tlog\link.command.1.tlog
d:\dropbox\syracuse\ood\workspace\pr4s15\remotecodemanagement\cataloguetextsearch\debug\catalogu.e0436e12.tlog\link.read.1.tlog
d:\dropbox\syracuse\ood\workspace\pr4s15\remotecodemanagement\cataloguetextsearch\debug\catalogu.e0436e12.tlog\link.write.1.tlog
