d:\dropbox\syracuse\ood\workspace\project_1\filecatalogue\debug\displaycatalogue.bsc
d:\dropbox\syracuse\ood\workspace\project_1\displaycatalogue\debug\vc120.pdb
d:\dropbox\syracuse\ood\workspace\project_1\displaycatalogue\debug\vc120.idb
d:\dropbox\syracuse\ood\workspace\project_1\displaycatalogue\debug\display.nativecodeanalysis.xml
d:\dropbox\syracuse\ood\workspace\project_1\displaycatalogue\debug\display.obj
d:\dropbox\syracuse\ood\workspace\project_1\displaycatalogue\debug\display.sbr
d:\dropbox\syracuse\ood\practicals\stlcontainers\testclass\debug\displaycatalogue.ilk
d:\dropbox\syracuse\ood\practicals\stlcontainers\testclass\debug\displaycatalogue.exe
d:\dropbox\syracuse\ood\practicals\stlcontainers\testclass\debug\displaycatalogue.pdb
d:\dropbox\syracuse\ood\workspace\project_1\filecatalogue\debug\displaycatalogue.ilk
d:\dropbox\syracuse\ood\workspace\project_1\filecatalogue\debug\displaycatalogue.exe
d:\dropbox\syracuse\ood\workspace\project_1\filecatalogue\debug\displaycatalogue.pdb
d:\dropbox\syracuse\ood\workspace\project_1\displaycatalogue\debug\nativecodeanalysis.read.1.tlog
d:\dropbox\syracuse\ood\workspace\project_1\displaycatalogue\debug\vc.nativecodeanalysis.all.xml
d:\dropbox\syracuse\ood\workspace\project_1\displaycatalogue\debug\displaycatalogue.tlog\bscmake.command.1.tlog
d:\dropbox\syracuse\ood\workspace\project_1\displaycatalogue\debug\displaycatalogue.tlog\bscmake.read.1.tlog
d:\dropbox\syracuse\ood\workspace\project_1\displaycatalogue\debug\displaycatalogue.tlog\bscmake.write.1.tlog
d:\dropbox\syracuse\ood\workspace\project_1\displaycatalogue\debug\displaycatalogue.tlog\cl.command.1.tlog
d:\dropbox\syracuse\ood\workspace\project_1\displaycatalogue\debug\displaycatalogue.tlog\cl.read.1.tlog
d:\dropbox\syracuse\ood\workspace\project_1\displaycatalogue\debug\displaycatalogue.tlog\cl.write.1.tlog
d:\dropbox\syracuse\ood\workspace\project_1\displaycatalogue\debug\displaycatalogue.tlog\link.command.1.tlog
d:\dropbox\syracuse\ood\workspace\project_1\displaycatalogue\debug\displaycatalogue.tlog\link.read.1.tlog
d:\dropbox\syracuse\ood\workspace\project_1\displaycatalogue\debug\displaycatalogue.tlog\link.write.1.tlog
