d:\dropbox\syracuse\ood\workspace\pr4s15\remotecodemanagement\client1\debug\vc120.pdb
d:\dropbox\syracuse\ood\workspace\pr4s15\remotecodemanagement\client1\debug\vc120.idb
d:\dropbox\syracuse\ood\workspace\pr4s15\remotecodemanagement\client1\debug\apphelpers.obj
d:\dropbox\syracuse\ood\workspace\pr4s15\remotecodemanagement\client1\debug\searchtext.obj
d:\dropbox\syracuse\ood\workspace\pr4s15\remotecodemanagement\client1\debug\datastore.obj
d:\dropbox\syracuse\ood\workspace\pr4s15\remotecodemanagement\client1\debug\filemanager.obj
d:\dropbox\syracuse\ood\workspace\pr4s15\remotecodemanagement\client1\debug\filesystem.obj
d:\dropbox\syracuse\ood\workspace\pr4s15\remotecodemanagement\client1\debug\httpmessage.obj
d:\dropbox\syracuse\ood\workspace\pr4s15\remotecodemanagement\client1\debug\receiver.obj
d:\dropbox\syracuse\ood\workspace\pr4s15\remotecodemanagement\client1\debug\sender.obj
d:\dropbox\syracuse\ood\workspace\pr4s15\remotecodemanagement\client1\debug\sockets.obj
d:\dropbox\syracuse\ood\workspace\pr4s15\remotecodemanagement\client1\debug\client1.obj
d:\dropbox\syracuse\ood\workspace\pr4s15\remotecodemanagement\debug\client1.ilk
d:\dropbox\syracuse\ood\workspace\pr4s15\remotecodemanagement\debug\client1.exe
d:\dropbox\syracuse\ood\workspace\pr4s15\remotecodemanagement\debug\client1.pdb
d:\dropbox\syracuse\ood\workspace\pr4s15\remotecodemanagement\client1\debug\client1.tlog\cl.command.1.tlog
d:\dropbox\syracuse\ood\workspace\pr4s15\remotecodemanagement\client1\debug\client1.tlog\cl.read.1.tlog
d:\dropbox\syracuse\ood\workspace\pr4s15\remotecodemanagement\client1\debug\client1.tlog\cl.write.1.tlog
d:\dropbox\syracuse\ood\workspace\pr4s15\remotecodemanagement\client1\debug\client1.tlog\link.command.1.tlog
d:\dropbox\syracuse\ood\workspace\pr4s15\remotecodemanagement\client1\debug\client1.tlog\link.read.1.tlog
d:\dropbox\syracuse\ood\workspace\pr4s15\remotecodemanagement\client1\debug\client1.tlog\link.write.1.tlog
