c:\su\cse687\code\project1helps15\instrsol-project1s15\executive\debug\vc120.pdb
c:\su\cse687\code\project1helps15\instrsol-project1s15\executive\debug\vc120.idb
c:\su\cse687\code\project1helps15\instrsol-project1s15\executive\debug\catalog.obj
c:\su\cse687\code\project1helps15\instrsol-project1s15\executive\debug\datastore.obj
c:\su\cse687\code\project1helps15\instrsol-project1s15\executive\debug\display.obj
c:\su\cse687\code\project1helps15\instrsol-project1s15\executive\debug\filemgr.obj
c:\su\cse687\code\project1helps15\instrsol-project1s15\executive\debug\filesystem.obj
c:\su\cse687\code\project1helps15\instrsol-project1s15\executive\debug\executive.obj
c:\su\cse687\code\project1helps15\instrsol-project1s15\debug\executive.lib
c:\su\cse687\code\project1helps15\instrsol-project1s15\debug\executive.exp
c:\su\cse687\code\project1helps15\instrsol-project1s15\debug\executive.ilk
c:\su\cse687\code\project1helps15\instrsol-project1s15\debug\executive.exe
c:\su\cse687\code\project1helps15\instrsol-project1s15\debug\executive.pdb
c:\su\cse687\code\project1helps15\instrsol-project1s15\executive\debug\executive.tlog\cl.command.1.tlog
c:\su\cse687\code\project1helps15\instrsol-project1s15\executive\debug\executive.tlog\cl.read.1.tlog
c:\su\cse687\code\project1helps15\instrsol-project1s15\executive\debug\executive.tlog\cl.write.1.tlog
c:\su\cse687\code\project1helps15\instrsol-project1s15\executive\debug\executive.tlog\executive.write.1u.tlog
c:\su\cse687\code\project1helps15\instrsol-project1s15\executive\debug\executive.tlog\link.command.1.tlog
c:\su\cse687\code\project1helps15\instrsol-project1s15\executive\debug\executive.tlog\link.read.1.tlog
c:\su\cse687\code\project1helps15\instrsol-project1s15\executive\debug\executive.tlog\link.write.1.tlog
