d:\dropbox\syracuse\ood\workspace\pr4s15\remotecodemanagement\server2\debug\vc120.pdb
d:\dropbox\syracuse\ood\workspace\pr4s15\remotecodemanagement\server2\debug\vc120.idb
d:\dropbox\syracuse\ood\workspace\pr4s15\remotecodemanagement\server2\debug\apphelpers.obj
d:\dropbox\syracuse\ood\workspace\pr4s15\remotecodemanagement\server2\debug\searchtext.obj
d:\dropbox\syracuse\ood\workspace\pr4s15\remotecodemanagement\server2\debug\datastore.obj
d:\dropbox\syracuse\ood\workspace\pr4s15\remotecodemanagement\server2\debug\filemanager.obj
d:\dropbox\syracuse\ood\workspace\pr4s15\remotecodemanagement\server2\debug\filesystem.obj
d:\dropbox\syracuse\ood\workspace\pr4s15\remotecodemanagement\server2\debug\httpmessage.obj
d:\dropbox\syracuse\ood\workspace\pr4s15\remotecodemanagement\server2\debug\receiver.obj
d:\dropbox\syracuse\ood\workspace\pr4s15\remotecodemanagement\server2\debug\sender.obj
d:\dropbox\syracuse\ood\workspace\pr4s15\remotecodemanagement\server2\debug\sockets.obj
d:\dropbox\syracuse\ood\workspace\pr4s15\remotecodemanagement\server2\debug\server2.obj
d:\dropbox\syracuse\ood\workspace\pr4s15\remotecodemanagement\debug\server2.ilk
d:\dropbox\syracuse\ood\workspace\pr4s15\remotecodemanagement\debug\server2.exe
d:\dropbox\syracuse\ood\workspace\pr4s15\remotecodemanagement\debug\server2.pdb
d:\dropbox\syracuse\ood\workspace\pr4s15\remotecodemanagement\server2\debug\server2.tlog\cl.command.1.tlog
d:\dropbox\syracuse\ood\workspace\pr4s15\remotecodemanagement\server2\debug\server2.tlog\cl.read.1.tlog
d:\dropbox\syracuse\ood\workspace\pr4s15\remotecodemanagement\server2\debug\server2.tlog\cl.write.1.tlog
d:\dropbox\syracuse\ood\workspace\pr4s15\remotecodemanagement\server2\debug\server2.tlog\link.command.1.tlog
d:\dropbox\syracuse\ood\workspace\pr4s15\remotecodemanagement\server2\debug\server2.tlog\link.read.1.tlog
d:\dropbox\syracuse\ood\workspace\pr4s15\remotecodemanagement\server2\debug\server2.tlog\link.write.1.tlog
